<?xml version="1.0" encoding="utf-8"?>
<coverage line-rate="1" branch-rate="0.9439" version="1.9" timestamp="1762125639" lines-covered="418" lines-valid="418" branches-covered="202" branches-valid="214">
  <sources>
    <source>D:\PROJECTS\PurAnalyzer\src\</source>
  </sources>
  <packages>
    <package name="PurAnalyzer.Application" line-rate="1" branch-rate="1" complexity="79">
      <classes>
        <class name="PurAnalyzer.Application.Parsing.Document" filename="PurAnalyzer.Application\Parsing\Document.cs" line-rate="1" branch-rate="1" complexity="17">
          <methods>
            <method name="get_BaCode" signature="()" line-rate="1" branch-rate="1" complexity="1">
              <lines>
                <line number="10" hits="16" branch="False" />
              </lines>
            </method>
            <method name="get_Type" signature="()" line-rate="1" branch-rate="1" complexity="1">
              <lines>
                <line number="11" hits="15" branch="False" />
              </lines>
            </method>
            <method name="get_DocumentNumber" signature="()" line-rate="1" branch-rate="1" complexity="1">
              <lines>
                <line number="13" hits="16" branch="False" />
              </lines>
            </method>
            <method name="get_OperationDate" signature="()" line-rate="1" branch-rate="1" complexity="1">
              <lines>
                <line number="14" hits="21" branch="False" />
              </lines>
            </method>
            <method name="get_DocumentDayNumber" signature="()" line-rate="1" branch-rate="1" complexity="1">
              <lines>
                <line number="15" hits="15" branch="False" />
              </lines>
            </method>
            <method name="get_ContractorCode" signature="()" line-rate="1" branch-rate="1" complexity="1">
              <lines>
                <line number="17" hits="15" branch="False" />
              </lines>
            </method>
            <method name="get_ContractorName" signature="()" line-rate="1" branch-rate="1" complexity="1">
              <lines>
                <line number="18" hits="15" branch="False" />
              </lines>
            </method>
            <method name="get_ExternalDocumentNumber" signature="()" line-rate="1" branch-rate="1" complexity="1">
              <lines>
                <line number="20" hits="15" branch="False" />
              </lines>
            </method>
            <method name="get_ExternalDocumentDate" signature="()" line-rate="1" branch-rate="1" complexity="1">
              <lines>
                <line number="21" hits="20" branch="False" />
              </lines>
            </method>
            <method name="get_NetTotal" signature="()" line-rate="1" branch-rate="1" complexity="1">
              <lines>
                <line number="23" hits="15" branch="False" />
              </lines>
            </method>
            <method name="get_VatTotal" signature="()" line-rate="1" branch-rate="1" complexity="1">
              <lines>
                <line number="24" hits="15" branch="False" />
              </lines>
            </method>
            <method name="get_GrossTotal" signature="()" line-rate="1" branch-rate="1" complexity="1">
              <lines>
                <line number="25" hits="15" branch="False" />
              </lines>
            </method>
            <method name="get_Flag1" signature="()" line-rate="1" branch-rate="1" complexity="1">
              <lines>
                <line number="27" hits="15" branch="False" />
              </lines>
            </method>
            <method name="get_Flag2" signature="()" line-rate="1" branch-rate="1" complexity="1">
              <lines>
                <line number="28" hits="15" branch="False" />
              </lines>
            </method>
            <method name="get_Flag3" signature="()" line-rate="1" branch-rate="1" complexity="1">
              <lines>
                <line number="29" hits="15" branch="False" />
              </lines>
            </method>
            <method name="get_Comment" signature="()" line-rate="1" branch-rate="1" complexity="1">
              <lines>
                <line number="34" hits="19" branch="False" />
              </lines>
            </method>
            <method name="get_Items" signature="()" line-rate="1" branch-rate="1" complexity="1">
              <lines>
                <line number="37" hits="119" branch="False" />
              </lines>
            </method>
          </methods>
          <lines>
            <line number="10" hits="16" branch="False" />
            <line number="11" hits="15" branch="False" />
            <line number="13" hits="16" branch="False" />
            <line number="14" hits="21" branch="False" />
            <line number="15" hits="15" branch="False" />
            <line number="17" hits="15" branch="False" />
            <line number="18" hits="15" branch="False" />
            <line number="20" hits="15" branch="False" />
            <line number="21" hits="20" branch="False" />
            <line number="23" hits="15" branch="False" />
            <line number="24" hits="15" branch="False" />
            <line number="25" hits="15" branch="False" />
            <line number="27" hits="15" branch="False" />
            <line number="28" hits="15" branch="False" />
            <line number="29" hits="15" branch="False" />
            <line number="34" hits="19" branch="False" />
            <line number="37" hits="119" branch="False" />
          </lines>
        </class>
        <class name="PurAnalyzer.Application.Parsing.DocumentItem" filename="PurAnalyzer.Application\Parsing\DocumentItem.cs" line-rate="1" branch-rate="1" complexity="11">
          <methods>
            <method name="get_ProductCode" signature="()" line-rate="1" branch-rate="1" complexity="1">
              <lines>
                <line number="12" hits="78" branch="False" />
              </lines>
            </method>
            <method name="get_ProductName" signature="()" line-rate="1" branch-rate="1" complexity="1">
              <lines>
                <line number="17" hits="64" branch="False" />
              </lines>
            </method>
            <method name="get_Quantity" signature="()" line-rate="1" branch-rate="1" complexity="1">
              <lines>
                <line number="22" hits="14" branch="False" />
              </lines>
            </method>
            <method name="get_UnitPriceNet" signature="()" line-rate="1" branch-rate="1" complexity="1">
              <lines>
                <line number="27" hits="14" branch="False" />
              </lines>
            </method>
            <method name="get_NetValue" signature="()" line-rate="1" branch-rate="1" complexity="1">
              <lines>
                <line number="32" hits="78" branch="False" />
              </lines>
            </method>
            <method name="get_VatValue" signature="()" line-rate="1" branch-rate="1" complexity="1">
              <lines>
                <line number="37" hits="14" branch="False" />
              </lines>
            </method>
            <method name="get_QuantityBefore" signature="()" line-rate="1" branch-rate="1" complexity="1">
              <lines>
                <line number="42" hits="14" branch="False" />
              </lines>
            </method>
            <method name="get_AverageBefore" signature="()" line-rate="1" branch-rate="1" complexity="1">
              <lines>
                <line number="47" hits="14" branch="False" />
              </lines>
            </method>
            <method name="get_QuantityAfter" signature="()" line-rate="1" branch-rate="1" complexity="1">
              <lines>
                <line number="52" hits="14" branch="False" />
              </lines>
            </method>
            <method name="get_AverageAfter" signature="()" line-rate="1" branch-rate="1" complexity="1">
              <lines>
                <line number="57" hits="14" branch="False" />
              </lines>
            </method>
            <method name="get_ProductGroup" signature="()" line-rate="1" branch-rate="1" complexity="1">
              <lines>
                <line number="62" hits="14" branch="False" />
              </lines>
            </method>
          </methods>
          <lines>
            <line number="12" hits="78" branch="False" />
            <line number="17" hits="64" branch="False" />
            <line number="22" hits="14" branch="False" />
            <line number="27" hits="14" branch="False" />
            <line number="32" hits="78" branch="False" />
            <line number="37" hits="14" branch="False" />
            <line number="42" hits="14" branch="False" />
            <line number="47" hits="14" branch="False" />
            <line number="52" hits="14" branch="False" />
            <line number="57" hits="14" branch="False" />
            <line number="62" hits="14" branch="False" />
          </lines>
        </class>
        <class name="PurAnalyzer.Application.Parsing.FileShape" filename="PurAnalyzer.Application\Parsing\FileShape.cs" line-rate="1" branch-rate="1" complexity="5">
          <methods>
            <method name="get_HasH" signature="()" line-rate="1" branch-rate="1" complexity="1">
              <lines>
                <line number="12" hits="50" branch="False" />
              </lines>
            </method>
            <method name="get_HasB" signature="()" line-rate="1" branch-rate="1" complexity="1">
              <lines>
                <line number="17" hits="31" branch="False" />
              </lines>
            </method>
            <method name="get_HasC" signature="()" line-rate="1" branch-rate="1" complexity="1">
              <lines>
                <line number="22" hits="39" branch="False" />
              </lines>
            </method>
            <method name=".ctor" signature="(System.Boolean,System.Boolean,System.Boolean)" line-rate="1" branch-rate="1" complexity="1">
              <lines>
                <line number="27" hits="17" branch="False" />
                <line number="28" hits="17" branch="False" />
                <line number="29" hits="17" branch="False" />
                <line number="30" hits="17" branch="False" />
                <line number="31" hits="17" branch="False" />
                <line number="32" hits="17" branch="False" />
              </lines>
            </method>
            <method name=".ctor" signature="()" line-rate="1" branch-rate="1" complexity="1">
              <lines>
                <line number="37" hits="4" branch="False" />
                <line number="38" hits="4" branch="False" />
                <line number="39" hits="4" branch="False" />
              </lines>
            </method>
          </methods>
          <lines>
            <line number="12" hits="50" branch="False" />
            <line number="17" hits="31" branch="False" />
            <line number="22" hits="39" branch="False" />
            <line number="27" hits="17" branch="False" />
            <line number="28" hits="17" branch="False" />
            <line number="29" hits="17" branch="False" />
            <line number="30" hits="17" branch="False" />
            <line number="31" hits="17" branch="False" />
            <line number="32" hits="17" branch="False" />
            <line number="37" hits="4" branch="False" />
            <line number="38" hits="4" branch="False" />
            <line number="39" hits="4" branch="False" />
          </lines>
        </class>
        <class name="PurAnalyzer.Application.Parsing.ParsedContent" filename="PurAnalyzer.Application\Parsing\ParsedContent.cs" line-rate="1" branch-rate="1" complexity="7">
          <methods>
            <method name="get_Lines" signature="()" line-rate="1" branch-rate="1" complexity="1">
              <lines>
                <line number="11" hits="30" branch="False" />
              </lines>
            </method>
            <method name="get_Documents" signature="()" line-rate="1" branch-rate="1" complexity="1">
              <lines>
                <line number="16" hits="50" branch="False" />
              </lines>
            </method>
            <method name="get_CharCount" signature="()" line-rate="1" branch-rate="1" complexity="1">
              <lines>
                <line number="21" hits="15" branch="False" />
              </lines>
            </method>
            <method name="get_LineCount" signature="()" line-rate="1" branch-rate="1" complexity="1">
              <lines>
                <line number="26" hits="15" branch="False" />
              </lines>
            </method>
            <method name="get_PositionsCount" signature="()" line-rate="1" branch-rate="1" complexity="1">
              <lines>
                <line number="31" hits="16" branch="False" />
              </lines>
            </method>
            <method name="get_IsFormatValid" signature="()" line-rate="1" branch-rate="1" complexity="1">
              <lines>
                <line number="36" hits="45" branch="False" />
              </lines>
            </method>
            <method name="get_FormatIssues" signature="()" line-rate="1" branch-rate="1" complexity="1">
              <lines>
                <line number="41" hits="49" branch="False" />
              </lines>
            </method>
          </methods>
          <lines>
            <line number="11" hits="30" branch="False" />
            <line number="16" hits="50" branch="False" />
            <line number="21" hits="15" branch="False" />
            <line number="26" hits="15" branch="False" />
            <line number="31" hits="16" branch="False" />
            <line number="36" hits="45" branch="False" />
            <line number="41" hits="49" branch="False" />
          </lines>
        </class>
        <class name="PurAnalyzer.Application.Analysis.AnalysisResult" filename="PurAnalyzer.Application\Analysis\AnalysisResult.cs" line-rate="1" branch-rate="1" complexity="7">
          <methods>
            <method name="get_Documents" signature="()" line-rate="1" branch-rate="1" complexity="1">
              <lines>
                <line number="10" hits="33" branch="False" />
              </lines>
            </method>
            <method name="get_LineCount" signature="()" line-rate="1" branch-rate="1" complexity="1">
              <lines>
                <line number="11" hits="16" branch="False" />
              </lines>
            </method>
            <method name="get_CharCount" signature="()" line-rate="1" branch-rate="1" complexity="1">
              <lines>
                <line number="12" hits="16" branch="False" />
              </lines>
            </method>
            <method name="get_PositionsCount" signature="()" line-rate="1" branch-rate="1" complexity="1">
              <lines>
                <line number="13" hits="19" branch="False" />
              </lines>
            </method>
            <method name="get_XCount" signature="()" line-rate="1" branch-rate="1" complexity="1">
              <lines>
                <line number="14" hits="18" branch="False" />
              </lines>
            </method>
            <method name="get_ProductsWithMaxNetValue" signature="()" line-rate="1" branch-rate="1" complexity="1">
              <lines>
                <line number="19" hits="36" branch="False" />
              </lines>
            </method>
            <method name="get_Message" signature="()" line-rate="1" branch-rate="1" complexity="1">
              <lines>
                <line number="24" hits="19" branch="False" />
              </lines>
            </method>
          </methods>
          <lines>
            <line number="10" hits="33" branch="False" />
            <line number="11" hits="16" branch="False" />
            <line number="12" hits="16" branch="False" />
            <line number="13" hits="19" branch="False" />
            <line number="14" hits="18" branch="False" />
            <line number="19" hits="36" branch="False" />
            <line number="24" hits="19" branch="False" />
          </lines>
        </class>
        <class name="PurAnalyzer.Application.Analysis.PurFileAnalyzer" filename="PurAnalyzer.Application\Analysis\PurFileAnalyzer.cs" line-rate="1" branch-rate="1" complexity="32">
          <methods>
            <method name="Analyze" signature="(System.Collections.Generic.IReadOnlyList`1&lt;PurAnalyzer.Application.Parsing.Document&gt;,System.Int32,System.Int32,System.Int32,PurAnalyzer.Application.Parsing.FileShape)" line-rate="1" branch-rate="1" complexity="28">
              <lines>
                <line number="18" hits="12" branch="False" />
                <line number="19" hits="26" branch="True" condition-coverage="100% (2/2)">
                  <conditions>
                    <condition number="7" type="jump" coverage="100%" />
                  </conditions>
                </line>
                <line number="20" hits="26" branch="True" condition-coverage="100% (2/2)">
                  <conditions>
                    <condition number="7" type="jump" coverage="100%" />
                  </conditions>
                </line>
                <line number="22" hits="26" branch="True" condition-coverage="100% (2/2)">
                  <conditions>
                    <condition number="7" type="jump" coverage="100%" />
                  </conditions>
                </line>
                <line number="24" hits="12" branch="False" />
                <line number="25" hits="32" branch="True" condition-coverage="100% (2/2)">
                  <conditions>
                    <condition number="7" type="jump" coverage="100%" />
                  </conditions>
                </line>
                <line number="26" hits="23" branch="False" />
                <line number="27" hits="23" branch="False" />
                <line number="28" hits="23" branch="False" />
                <line number="29" hits="32" branch="False" />
                <line number="30" hits="20" branch="True" condition-coverage="100% (2/2)">
                  <conditions>
                    <condition number="7" type="jump" coverage="100%" />
                  </conditions>
                </line>
                <line number="31" hits="23" branch="False" />
                <line number="32" hits="12" branch="False" />
                <line number="34" hits="12" branch="False" />
                <line number="36" hits="12" branch="True" condition-coverage="100% (2/2)">
                  <conditions>
                    <condition number="221" type="jump" coverage="100%" />
                  </conditions>
                </line>
                <line number="37" hits="9" branch="False" />
                <line number="38" hits="32" branch="False" />
                <line number="39" hits="32" branch="False" />
                <line number="41" hits="9" branch="False" />
                <line number="42" hits="11" branch="False" />
                <line number="43" hits="11" branch="False" />
                <line number="44" hits="20" branch="False" />
                <line number="45" hits="11" branch="False" />
                <line number="46" hits="5" branch="False" />
                <line number="47" hits="5" branch="False" />
                <line number="48" hits="4" branch="False" />
                <line number="49" hits="11" branch="False" />
                <line number="50" hits="9" branch="False" />
                <line number="51" hits="11" branch="True" condition-coverage="100% (2/2)">
                  <conditions>
                    <condition number="209" type="jump" coverage="100%" />
                  </conditions>
                </line>
                <line number="52" hits="20" branch="False" />
                <line number="54" hits="9" branch="False" />
                <line number="55" hits="9" branch="False" />
                <line number="56" hits="9" branch="False" />
                <line number="57" hits="9" branch="False" />
                <line number="58" hits="20" branch="False" />
                <line number="60" hits="9" branch="False" />
                <line number="63" hits="12" branch="False" />
                <line number="65" hits="12" branch="True" condition-coverage="100% (4/4)">
                  <conditions>
                    <condition number="454" type="jump" coverage="100%" />
                    <condition number="470" type="jump" coverage="100%" />
                  </conditions>
                </line>
                <line number="66" hits="1" branch="False" />
                <line number="67" hits="1" branch="False" />
                <line number="68" hits="1" branch="False" />
                <line number="69" hits="11" branch="True" condition-coverage="100% (6/6)">
                  <conditions>
                    <condition number="490" type="jump" coverage="100%" />
                    <condition number="499" type="jump" coverage="100%" />
                    <condition number="518" type="jump" coverage="100%" />
                  </conditions>
                </line>
                <line number="70" hits="1" branch="False" />
                <line number="71" hits="1" branch="False" />
                <line number="72" hits="1" branch="False" />
                <line number="73" hits="10" branch="True" condition-coverage="100% (4/4)">
                  <conditions>
                    <condition number="538" type="jump" coverage="100%" />
                    <condition number="551" type="jump" coverage="100%" />
                  </conditions>
                </line>
                <line number="74" hits="1" branch="False" />
                <line number="75" hits="1" branch="False" />
                <line number="76" hits="1" branch="False" />
                <line number="78" hits="12" branch="False" />
                <line number="79" hits="12" branch="False" />
                <line number="80" hits="12" branch="False" />
                <line number="81" hits="12" branch="False" />
                <line number="82" hits="12" branch="False" />
                <line number="83" hits="12" branch="False" />
                <line number="84" hits="12" branch="False" />
                <line number="85" hits="12" branch="False" />
                <line number="86" hits="12" branch="False" />
                <line number="87" hits="12" branch="False" />
                <line number="88" hits="12" branch="False" />
              </lines>
            </method>
            <method name="UppercaseFirst" signature="(System.String)" line-rate="1" branch-rate="1" complexity="4">
              <lines>
                <line number="91" hits="11" branch="False" />
                <line number="92" hits="12" branch="True" condition-coverage="100% (2/2)">
                  <conditions>
                    <condition number="9" type="jump" coverage="100%" />
                  </conditions>
                </line>
                <line number="93" hits="10" branch="True" condition-coverage="100% (2/2)">
                  <conditions>
                    <condition number="42" type="jump" coverage="100%" />
                  </conditions>
                </line>
                <line number="94" hits="11" branch="False" />
              </lines>
            </method>
          </methods>
          <lines>
            <line number="18" hits="12" branch="False" />
            <line number="19" hits="26" branch="True" condition-coverage="100% (2/2)">
              <conditions>
                <condition number="7" type="jump" coverage="100%" />
              </conditions>
            </line>
            <line number="20" hits="26" branch="True" condition-coverage="100% (2/2)">
              <conditions>
                <condition number="7" type="jump" coverage="100%" />
              </conditions>
            </line>
            <line number="22" hits="26" branch="True" condition-coverage="100% (2/2)">
              <conditions>
                <condition number="7" type="jump" coverage="100%" />
              </conditions>
            </line>
            <line number="24" hits="12" branch="False" />
            <line number="25" hits="32" branch="True" condition-coverage="100% (2/2)">
              <conditions>
                <condition number="7" type="jump" coverage="100%" />
              </conditions>
            </line>
            <line number="26" hits="23" branch="False" />
            <line number="27" hits="23" branch="False" />
            <line number="28" hits="23" branch="False" />
            <line number="29" hits="32" branch="False" />
            <line number="30" hits="20" branch="True" condition-coverage="100% (2/2)">
              <conditions>
                <condition number="7" type="jump" coverage="100%" />
              </conditions>
            </line>
            <line number="31" hits="23" branch="False" />
            <line number="32" hits="12" branch="False" />
            <line number="34" hits="12" branch="False" />
            <line number="36" hits="12" branch="True" condition-coverage="100% (2/2)">
              <conditions>
                <condition number="221" type="jump" coverage="100%" />
              </conditions>
            </line>
            <line number="37" hits="9" branch="False" />
            <line number="38" hits="32" branch="False" />
            <line number="39" hits="32" branch="False" />
            <line number="41" hits="9" branch="False" />
            <line number="42" hits="11" branch="False" />
            <line number="43" hits="11" branch="False" />
            <line number="44" hits="20" branch="False" />
            <line number="45" hits="11" branch="False" />
            <line number="46" hits="5" branch="False" />
            <line number="47" hits="5" branch="False" />
            <line number="48" hits="4" branch="False" />
            <line number="49" hits="11" branch="False" />
            <line number="50" hits="9" branch="False" />
            <line number="51" hits="11" branch="True" condition-coverage="100% (2/2)">
              <conditions>
                <condition number="209" type="jump" coverage="100%" />
              </conditions>
            </line>
            <line number="52" hits="20" branch="False" />
            <line number="54" hits="9" branch="False" />
            <line number="55" hits="9" branch="False" />
            <line number="56" hits="9" branch="False" />
            <line number="57" hits="9" branch="False" />
            <line number="58" hits="20" branch="False" />
            <line number="60" hits="9" branch="False" />
            <line number="63" hits="12" branch="False" />
            <line number="65" hits="12" branch="True" condition-coverage="100% (4/4)">
              <conditions>
                <condition number="454" type="jump" coverage="100%" />
                <condition number="470" type="jump" coverage="100%" />
              </conditions>
            </line>
            <line number="66" hits="1" branch="False" />
            <line number="67" hits="1" branch="False" />
            <line number="68" hits="1" branch="False" />
            <line number="69" hits="11" branch="True" condition-coverage="100% (6/6)">
              <conditions>
                <condition number="490" type="jump" coverage="100%" />
                <condition number="499" type="jump" coverage="100%" />
                <condition number="518" type="jump" coverage="100%" />
              </conditions>
            </line>
            <line number="70" hits="1" branch="False" />
            <line number="71" hits="1" branch="False" />
            <line number="72" hits="1" branch="False" />
            <line number="73" hits="10" branch="True" condition-coverage="100% (4/4)">
              <conditions>
                <condition number="538" type="jump" coverage="100%" />
                <condition number="551" type="jump" coverage="100%" />
              </conditions>
            </line>
            <line number="74" hits="1" branch="False" />
            <line number="75" hits="1" branch="False" />
            <line number="76" hits="1" branch="False" />
            <line number="78" hits="12" branch="False" />
            <line number="79" hits="12" branch="False" />
            <line number="80" hits="12" branch="False" />
            <line number="81" hits="12" branch="False" />
            <line number="82" hits="12" branch="False" />
            <line number="83" hits="12" branch="False" />
            <line number="84" hits="12" branch="False" />
            <line number="85" hits="12" branch="False" />
            <line number="86" hits="12" branch="False" />
            <line number="87" hits="12" branch="False" />
            <line number="88" hits="12" branch="False" />
            <line number="91" hits="11" branch="False" />
            <line number="92" hits="12" branch="True" condition-coverage="100% (2/2)">
              <conditions>
                <condition number="9" type="jump" coverage="100%" />
              </conditions>
            </line>
            <line number="93" hits="10" branch="True" condition-coverage="100% (2/2)">
              <conditions>
                <condition number="42" type="jump" coverage="100%" />
              </conditions>
            </line>
            <line number="94" hits="11" branch="False" />
          </lines>
        </class>
      </classes>
    </package>
    <package name="PurAnalyzer.Domain" line-rate="1" branch-rate="1" complexity="0">
      <classes />
    </package>
    <package name="PurAnalyzer.Infrastructure" line-rate="1" branch-rate="0.934" complexity="183">
      <classes>
        <class name="PurAnalyzer.Infrastructure.Parsing.PurFileParser" filename="PurAnalyzer.Infrastructure\Parsing\PurFileParser.cs" line-rate="1" branch-rate="0.9761" complexity="42">
          <methods>
            <method name="ParseIsoDate" signature="(System.String)" line-rate="1" branch-rate="0.8332999999999999" complexity="6">
              <lines>
                <line number="240" hits="28" branch="False" />
                <line number="241" hits="31" branch="True" condition-coverage="100% (2/2)">
                  <conditions>
                    <condition number="9" type="jump" coverage="100%" />
                  </conditions>
                </line>
                <line number="243" hits="25" branch="True" condition-coverage="100% (2/2)">
                  <conditions>
                    <condition number="46" type="jump" coverage="100%" />
                  </conditions>
                </line>
                <line number="244" hits="25" branch="False" />
                <line number="245" hits="25" branch="False" />
                <line number="246" hits="25" branch="False" />
                <line number="247" hits="25" branch="False" />
                <line number="248" hits="25" branch="False" />
                <line number="249" hits="22" branch="False" />
                <line number="250" hits="22" branch="False" />
                <line number="253" hits="3" branch="True" condition-coverage="50% (1/2)">
                  <conditions>
                    <condition number="72" type="jump" coverage="50%" />
                  </conditions>
                </line>
                <line number="254" hits="3" branch="False" />
                <line number="255" hits="3" branch="False" />
                <line number="256" hits="28" branch="False" />
              </lines>
            </method>
            <method name="ParseInt" signature="(System.String)" line-rate="1" branch-rate="1" complexity="2">
              <lines>
                <line number="259" hits="14" branch="True" condition-coverage="100% (2/2)">
                  <conditions>
                    <condition number="14" type="jump" coverage="100%" />
                  </conditions>
                </line>
              </lines>
            </method>
            <method name="&lt;ParseAsync&gt;g__HasAnyHeaderSet|0_0" signature="(PurAnalyzer.Infrastructure.Parsing.PurFileParser/&lt;&gt;c__DisplayClass0_0&amp;)" line-rate="1" branch-rate="1" complexity="28">
              <lines>
                <line number="46" hits="31" branch="True" condition-coverage="100% (28/28)">
                  <conditions>
                    <condition number="6" type="jump" coverage="100%" />
                    <condition number="17" type="jump" coverage="100%" />
                    <condition number="28" type="jump" coverage="100%" />
                    <condition number="44" type="jump" coverage="100%" />
                    <condition number="57" type="jump" coverage="100%" />
                    <condition number="65" type="jump" coverage="100%" />
                    <condition number="73" type="jump" coverage="100%" />
                    <condition number="81" type="jump" coverage="100%" />
                    <condition number="94" type="jump" coverage="100%" />
                    <condition number="107" type="jump" coverage="100%" />
                    <condition number="120" type="jump" coverage="100%" />
                    <condition number="133" type="jump" coverage="100%" />
                    <condition number="141" type="jump" coverage="100%" />
                    <condition number="149" type="jump" coverage="100%" />
                  </conditions>
                </line>
                <line number="47" hits="31" branch="False" />
                <line number="48" hits="31" branch="False" />
                <line number="49" hits="31" branch="False" />
                <line number="50" hits="31" branch="False" />
                <line number="51" hits="31" branch="False" />
              </lines>
            </method>
            <method name="&lt;ParseAsync&gt;g__FlushCurrent|0_1" signature="(PurAnalyzer.Infrastructure.Parsing.PurFileParser/&lt;&gt;c__DisplayClass0_0&amp;)" line-rate="1" branch-rate="1" complexity="6">
              <lines>
                <line number="54" hits="29" branch="False" />
                <line number="55" hits="29" branch="False" />
                <line number="57" hits="29" branch="True" condition-coverage="100% (6/6)">
                  <conditions>
                    <condition number="9" type="jump" coverage="100%" />
                    <condition number="22" type="jump" coverage="100%" />
                    <condition number="40" type="jump" coverage="100%" />
                  </conditions>
                </line>
                <line number="58" hits="14" branch="False" />
                <line number="60" hits="15" branch="False" />
                <line number="61" hits="15" branch="False" />
                <line number="62" hits="15" branch="False" />
                <line number="63" hits="15" branch="False" />
                <line number="64" hits="15" branch="False" />
                <line number="65" hits="15" branch="False" />
                <line number="66" hits="15" branch="False" />
                <line number="67" hits="15" branch="False" />
                <line number="68" hits="15" branch="False" />
                <line number="69" hits="15" branch="False" />
                <line number="70" hits="15" branch="False" />
                <line number="71" hits="15" branch="False" />
                <line number="72" hits="15" branch="False" />
                <line number="73" hits="15" branch="False" />
                <line number="74" hits="15" branch="False" />
                <line number="75" hits="15" branch="False" />
                <line number="76" hits="15" branch="False" />
                <line number="77" hits="15" branch="False" />
                <line number="78" hits="15" branch="False" />
                <line number="79" hits="15" branch="False" />
                <line number="82" hits="15" branch="False" />
                <line number="83" hits="15" branch="False" />
                <line number="85" hits="15" branch="False" />
                <line number="86" hits="15" branch="False" />
                <line number="87" hits="15" branch="False" />
                <line number="88" hits="15" branch="False" />
                <line number="89" hits="15" branch="False" />
                <line number="90" hits="15" branch="False" />
                <line number="91" hits="29" branch="False" />
              </lines>
            </method>
          </methods>
          <lines>
            <line number="240" hits="28" branch="False" />
            <line number="241" hits="31" branch="True" condition-coverage="100% (2/2)">
              <conditions>
                <condition number="9" type="jump" coverage="100%" />
              </conditions>
            </line>
            <line number="243" hits="25" branch="True" condition-coverage="100% (2/2)">
              <conditions>
                <condition number="46" type="jump" coverage="100%" />
              </conditions>
            </line>
            <line number="244" hits="25" branch="False" />
            <line number="245" hits="25" branch="False" />
            <line number="246" hits="25" branch="False" />
            <line number="247" hits="25" branch="False" />
            <line number="248" hits="25" branch="False" />
            <line number="249" hits="22" branch="False" />
            <line number="250" hits="22" branch="False" />
            <line number="253" hits="3" branch="True" condition-coverage="50% (1/2)">
              <conditions>
                <condition number="72" type="jump" coverage="50%" />
              </conditions>
            </line>
            <line number="254" hits="3" branch="False" />
            <line number="255" hits="3" branch="False" />
            <line number="256" hits="28" branch="False" />
            <line number="259" hits="14" branch="True" condition-coverage="100% (2/2)">
              <conditions>
                <condition number="14" type="jump" coverage="100%" />
              </conditions>
            </line>
            <line number="46" hits="31" branch="True" condition-coverage="100% (28/28)">
              <conditions>
                <condition number="6" type="jump" coverage="100%" />
                <condition number="17" type="jump" coverage="100%" />
                <condition number="28" type="jump" coverage="100%" />
                <condition number="44" type="jump" coverage="100%" />
                <condition number="57" type="jump" coverage="100%" />
                <condition number="65" type="jump" coverage="100%" />
                <condition number="73" type="jump" coverage="100%" />
                <condition number="81" type="jump" coverage="100%" />
                <condition number="94" type="jump" coverage="100%" />
                <condition number="107" type="jump" coverage="100%" />
                <condition number="120" type="jump" coverage="100%" />
                <condition number="133" type="jump" coverage="100%" />
                <condition number="141" type="jump" coverage="100%" />
                <condition number="149" type="jump" coverage="100%" />
              </conditions>
            </line>
            <line number="47" hits="31" branch="False" />
            <line number="48" hits="31" branch="False" />
            <line number="49" hits="31" branch="False" />
            <line number="50" hits="31" branch="False" />
            <line number="51" hits="31" branch="False" />
            <line number="54" hits="29" branch="False" />
            <line number="55" hits="29" branch="False" />
            <line number="57" hits="29" branch="True" condition-coverage="100% (6/6)">
              <conditions>
                <condition number="9" type="jump" coverage="100%" />
                <condition number="22" type="jump" coverage="100%" />
                <condition number="40" type="jump" coverage="100%" />
              </conditions>
            </line>
            <line number="58" hits="14" branch="False" />
            <line number="60" hits="15" branch="False" />
            <line number="61" hits="15" branch="False" />
            <line number="62" hits="15" branch="False" />
            <line number="63" hits="15" branch="False" />
            <line number="64" hits="15" branch="False" />
            <line number="65" hits="15" branch="False" />
            <line number="66" hits="15" branch="False" />
            <line number="67" hits="15" branch="False" />
            <line number="68" hits="15" branch="False" />
            <line number="69" hits="15" branch="False" />
            <line number="70" hits="15" branch="False" />
            <line number="71" hits="15" branch="False" />
            <line number="72" hits="15" branch="False" />
            <line number="73" hits="15" branch="False" />
            <line number="74" hits="15" branch="False" />
            <line number="75" hits="15" branch="False" />
            <line number="76" hits="15" branch="False" />
            <line number="77" hits="15" branch="False" />
            <line number="78" hits="15" branch="False" />
            <line number="79" hits="15" branch="False" />
            <line number="82" hits="15" branch="False" />
            <line number="83" hits="15" branch="False" />
            <line number="85" hits="15" branch="False" />
            <line number="86" hits="15" branch="False" />
            <line number="87" hits="15" branch="False" />
            <line number="88" hits="15" branch="False" />
            <line number="89" hits="15" branch="False" />
            <line number="90" hits="15" branch="False" />
            <line number="91" hits="29" branch="False" />
          </lines>
        </class>
        <class name="PurAnalyzer.Infrastructure.Parsing.PurFileParser/&lt;&gt;c" filename="PurAnalyzer.Infrastructure\Parsing\PurFileParser.cs" line-rate="1" branch-rate="0.5" complexity="2">
          <methods>
            <method name="&lt;ParseAsync&gt;b__0_2" signature="(PurAnalyzer.Application.Parsing.Document)" line-rate="1" branch-rate="0.5" complexity="2">
              <lines>
                <line number="233" hits="15" branch="True" condition-coverage="50% (1/2)">
                  <conditions>
                    <condition number="7" type="jump" coverage="50%" />
                  </conditions>
                </line>
              </lines>
            </method>
          </methods>
          <lines>
            <line number="233" hits="15" branch="True" condition-coverage="50% (1/2)">
              <conditions>
                <condition number="7" type="jump" coverage="50%" />
              </conditions>
            </line>
          </lines>
        </class>
        <class name="PurAnalyzer.Infrastructure.Parsing.PurFileParser/&lt;ParseAsync&gt;d__0" filename="PurAnalyzer.Infrastructure\Parsing\PurFileParser.cs" line-rate="1" branch-rate="0.9229999999999999" complexity="52">
          <methods>
            <method name="MoveNext" signature="()" line-rate="1" branch-rate="0.9229999999999999" complexity="52">
              <lines>
                <line number="12" hits="15" branch="False" />
                <line number="13" hits="15" branch="False" />
                <line number="14" hits="15" branch="False" />
                <line number="17" hits="15" branch="False" />
                <line number="18" hits="15" branch="False" />
                <line number="19" hits="15" branch="False" />
                <line number="22" hits="15" branch="False" />
                <line number="23" hits="15" branch="False" />
                <line number="24" hits="15" branch="False" />
                <line number="25" hits="15" branch="False" />
                <line number="26" hits="15" branch="False" />
                <line number="27" hits="15" branch="False" />
                <line number="28" hits="15" branch="False" />
                <line number="29" hits="15" branch="False" />
                <line number="30" hits="15" branch="False" />
                <line number="31" hits="15" branch="False" />
                <line number="32" hits="15" branch="False" />
                <line number="33" hits="15" branch="False" />
                <line number="34" hits="45" branch="False" />
                <line number="37" hits="15" branch="False" />
                <line number="40" hits="15" branch="False" />
                <line number="42" hits="15" branch="False" />
                <line number="43" hits="15" branch="False" />
                <line number="93" hits="15" branch="False" />
                <line number="95" hits="113" branch="True" condition-coverage="100% (2/2)">
                  <conditions>
                    <condition number="2551" type="jump" coverage="100%" />
                  </conditions>
                </line>
                <line number="96" hits="34" branch="False" />
                <line number="97" hits="34" branch="False" />
                <line number="98" hits="34" branch="False" />
                <line number="99" hits="34" branch="True" condition-coverage="100% (2/2)">
                  <conditions>
                    <condition number="551" type="jump" coverage="100%" />
                  </conditions>
                </line>
                <line number="101" hits="34" branch="False" />
                <line number="102" hits="34" branch="False" />
                <line number="103" hits="34" branch="True" condition-coverage="50% (1/2)">
                  <conditions>
                    <condition number="613" type="jump" coverage="50%" />
                  </conditions>
                </line>
                <line number="105" hits="34" branch="True" condition-coverage="100% (2/2)">
                  <conditions>
                    <condition number="654" type="jump" coverage="100%" />
                  </conditions>
                </line>
                <line number="106" hits="6" branch="False" />
                <line number="108" hits="6" branch="True" condition-coverage="100% (2/2)">
                  <conditions>
                    <condition number="670" type="jump" coverage="100%" />
                  </conditions>
                </line>
                <line number="109" hits="4" branch="False" />
                <line number="110" hits="4" branch="False" />
                <line number="112" hits="4" branch="True" condition-coverage="100% (2/2)">
                  <conditions>
                    <condition number="730" type="jump" coverage="100%" />
                  </conditions>
                </line>
                <line number="113" hits="3" branch="False" />
                <line number="114" hits="3" branch="True" condition-coverage="100% (2/2)">
                  <conditions>
                    <condition number="750" type="jump" coverage="100%" />
                  </conditions>
                </line>
                <line number="115" hits="3" branch="False" />
                <line number="117" hits="1" branch="False" />
                <line number="118" hits="1" branch="False" />
                <line number="119" hits="1" branch="False" />
                <line number="120" hits="4" branch="False" />
                <line number="121" hits="6" branch="False" />
                <line number="124" hits="28" branch="True" condition-coverage="100% (2/2)">
                  <conditions>
                    <condition number="868" type="jump" coverage="100%" />
                  </conditions>
                </line>
                <line number="125" hits="14" branch="False" />
                <line number="127" hits="14" branch="True" condition-coverage="100% (6/6)">
                  <conditions>
                    <condition number="885" type="jump" coverage="100%" />
                    <condition number="903" type="jump" coverage="100%" />
                    <condition number="923" type="jump" coverage="100%" />
                  </conditions>
                </line>
                <line number="128" hits="1" branch="False" />
                <line number="129" hits="1" branch="False" />
                <line number="130" hits="1" branch="False" />
                <line number="132" hits="14" branch="False" />
                <line number="134" hits="14" branch="True" condition-coverage="100% (2/2)">
                  <conditions>
                    <condition number="1046" type="jump" coverage="100%" />
                  </conditions>
                </line>
                <line number="135" hits="1" branch="False" />
                <line number="138" hits="14" branch="False" />
                <line number="149" hits="14" branch="False" />
                <line number="150" hits="14" branch="False" />
                <line number="151" hits="14" branch="False" />
                <line number="153" hits="14" branch="False" />
                <line number="154" hits="14" branch="False" />
                <line number="156" hits="14" branch="False" />
                <line number="157" hits="14" branch="False" />
                <line number="159" hits="14" branch="True" condition-coverage="100% (4/4)">
                  <conditions>
                    <condition number="1335" type="jump" coverage="100%" />
                    <condition number="1363" type="jump" coverage="100%" />
                  </conditions>
                </line>
                <line number="160" hits="2" branch="False" />
                <line number="162" hits="14" branch="False" />
                <line number="163" hits="14" branch="False" />
                <line number="165" hits="14" branch="False" />
                <line number="166" hits="14" branch="False" />
                <line number="168" hits="14" branch="True" condition-coverage="100% (4/4)">
                  <conditions>
                    <condition number="1569" type="jump" coverage="100%" />
                    <condition number="1597" type="jump" coverage="100%" />
                  </conditions>
                </line>
                <line number="169" hits="1" branch="False" />
                <line number="171" hits="14" branch="False" />
                <line number="172" hits="14" branch="False" />
                <line number="173" hits="14" branch="False" />
                <line number="175" hits="14" branch="False" />
                <line number="176" hits="14" branch="False" />
                <line number="177" hits="14" branch="False" />
                <line number="179" hits="14" branch="False" />
                <line number="180" hits="14" branch="False" />
                <line number="181" hits="14" branch="False" />
                <line number="182" hits="14" branch="True" condition-coverage="100% (2/2)">
                  <conditions>
                    <condition number="1940" type="jump" coverage="100%" />
                  </conditions>
                </line>
                <line number="183" hits="13" branch="False" />
                <line number="185" hits="13" branch="False" />
                <line number="187" hits="13" branch="True" condition-coverage="100% (2/2)">
                  <conditions>
                    <condition number="1969" type="jump" coverage="100%" />
                  </conditions>
                </line>
                <line number="188" hits="1" branch="False" />
                <line number="190" hits="13" branch="True" condition-coverage="50% (2/4)">
                  <conditions>
                    <condition number="2099" type="jump" coverage="50%" />
                    <condition number="2127" type="jump" coverage="50%" />
                  </conditions>
                </line>
                <line number="191" hits="13" branch="False" />
                <line number="192" hits="13" branch="False" />
                <line number="193" hits="13" branch="False" />
                <line number="194" hits="13" branch="False" />
                <line number="195" hits="13" branch="False" />
                <line number="196" hits="13" branch="False" />
                <line number="197" hits="13" branch="False" />
                <line number="198" hits="13" branch="False" />
                <line number="199" hits="13" branch="False" />
                <line number="200" hits="13" branch="False" />
                <line number="201" hits="13" branch="False" />
                <line number="202" hits="13" branch="False" />
                <line number="203" hits="13" branch="False" />
                <line number="204" hits="13" branch="False" />
                <line number="206" hits="1" branch="False" />
                <line number="208" hits="1" branch="True" condition-coverage="50% (1/2)">
                  <conditions>
                    <condition number="2470" type="jump" coverage="50%" />
                  </conditions>
                </line>
                <line number="209" hits="1" branch="False" />
                <line number="210" hits="28" branch="False" />
                <line number="213" hits="15" branch="True" condition-coverage="100% (6/6)">
                  <conditions>
                    <condition number="2604" type="jump" coverage="100%" />
                    <condition number="2622" type="jump" coverage="100%" />
                    <condition number="2642" type="jump" coverage="100%" />
                  </conditions>
                </line>
                <line number="214" hits="1" branch="False" />
                <line number="215" hits="1" branch="False" />
                <line number="216" hits="1" branch="False" />
                <line number="219" hits="15" branch="False" />
                <line number="222" hits="17" branch="True" condition-coverage="100% (2/2)">
                  <conditions>
                    <condition number="2740" type="jump" coverage="100%" />
                  </conditions>
                </line>
                <line number="223" hits="17" branch="True" condition-coverage="100% (2/2)">
                  <conditions>
                    <condition number="2772" type="jump" coverage="100%" />
                  </conditions>
                </line>
                <line number="225" hits="15" branch="False" />
                <line number="227" hits="15" branch="False" />
                <line number="228" hits="15" branch="False" />
                <line number="229" hits="15" branch="False" />
                <line number="230" hits="15" branch="False" />
                <line number="231" hits="15" branch="False" />
                <line number="232" hits="15" branch="False" />
                <line number="234" hits="15" branch="False" />
                <line number="235" hits="15" branch="False" />
                <line number="236" hits="15" branch="False" />
                <line number="237" hits="15" branch="False" />
              </lines>
            </method>
          </methods>
          <lines>
            <line number="12" hits="15" branch="False" />
            <line number="13" hits="15" branch="False" />
            <line number="14" hits="15" branch="False" />
            <line number="17" hits="15" branch="False" />
            <line number="18" hits="15" branch="False" />
            <line number="19" hits="15" branch="False" />
            <line number="22" hits="15" branch="False" />
            <line number="23" hits="15" branch="False" />
            <line number="24" hits="15" branch="False" />
            <line number="25" hits="15" branch="False" />
            <line number="26" hits="15" branch="False" />
            <line number="27" hits="15" branch="False" />
            <line number="28" hits="15" branch="False" />
            <line number="29" hits="15" branch="False" />
            <line number="30" hits="15" branch="False" />
            <line number="31" hits="15" branch="False" />
            <line number="32" hits="15" branch="False" />
            <line number="33" hits="15" branch="False" />
            <line number="34" hits="45" branch="False" />
            <line number="37" hits="15" branch="False" />
            <line number="40" hits="15" branch="False" />
            <line number="42" hits="15" branch="False" />
            <line number="43" hits="15" branch="False" />
            <line number="93" hits="15" branch="False" />
            <line number="95" hits="113" branch="True" condition-coverage="100% (2/2)">
              <conditions>
                <condition number="2551" type="jump" coverage="100%" />
              </conditions>
            </line>
            <line number="96" hits="34" branch="False" />
            <line number="97" hits="34" branch="False" />
            <line number="98" hits="34" branch="False" />
            <line number="99" hits="34" branch="True" condition-coverage="100% (2/2)">
              <conditions>
                <condition number="551" type="jump" coverage="100%" />
              </conditions>
            </line>
            <line number="101" hits="34" branch="False" />
            <line number="102" hits="34" branch="False" />
            <line number="103" hits="34" branch="True" condition-coverage="50% (1/2)">
              <conditions>
                <condition number="613" type="jump" coverage="50%" />
              </conditions>
            </line>
            <line number="105" hits="34" branch="True" condition-coverage="100% (2/2)">
              <conditions>
                <condition number="654" type="jump" coverage="100%" />
              </conditions>
            </line>
            <line number="106" hits="6" branch="False" />
            <line number="108" hits="6" branch="True" condition-coverage="100% (2/2)">
              <conditions>
                <condition number="670" type="jump" coverage="100%" />
              </conditions>
            </line>
            <line number="109" hits="4" branch="False" />
            <line number="110" hits="4" branch="False" />
            <line number="112" hits="4" branch="True" condition-coverage="100% (2/2)">
              <conditions>
                <condition number="730" type="jump" coverage="100%" />
              </conditions>
            </line>
            <line number="113" hits="3" branch="False" />
            <line number="114" hits="3" branch="True" condition-coverage="100% (2/2)">
              <conditions>
                <condition number="750" type="jump" coverage="100%" />
              </conditions>
            </line>
            <line number="115" hits="3" branch="False" />
            <line number="117" hits="1" branch="False" />
            <line number="118" hits="1" branch="False" />
            <line number="119" hits="1" branch="False" />
            <line number="120" hits="4" branch="False" />
            <line number="121" hits="6" branch="False" />
            <line number="124" hits="28" branch="True" condition-coverage="100% (2/2)">
              <conditions>
                <condition number="868" type="jump" coverage="100%" />
              </conditions>
            </line>
            <line number="125" hits="14" branch="False" />
            <line number="127" hits="14" branch="True" condition-coverage="100% (6/6)">
              <conditions>
                <condition number="885" type="jump" coverage="100%" />
                <condition number="903" type="jump" coverage="100%" />
                <condition number="923" type="jump" coverage="100%" />
              </conditions>
            </line>
            <line number="128" hits="1" branch="False" />
            <line number="129" hits="1" branch="False" />
            <line number="130" hits="1" branch="False" />
            <line number="132" hits="14" branch="False" />
            <line number="134" hits="14" branch="True" condition-coverage="100% (2/2)">
              <conditions>
                <condition number="1046" type="jump" coverage="100%" />
              </conditions>
            </line>
            <line number="135" hits="1" branch="False" />
            <line number="138" hits="14" branch="False" />
            <line number="149" hits="14" branch="False" />
            <line number="150" hits="14" branch="False" />
            <line number="151" hits="14" branch="False" />
            <line number="153" hits="14" branch="False" />
            <line number="154" hits="14" branch="False" />
            <line number="156" hits="14" branch="False" />
            <line number="157" hits="14" branch="False" />
            <line number="159" hits="14" branch="True" condition-coverage="100% (4/4)">
              <conditions>
                <condition number="1335" type="jump" coverage="100%" />
                <condition number="1363" type="jump" coverage="100%" />
              </conditions>
            </line>
            <line number="160" hits="2" branch="False" />
            <line number="162" hits="14" branch="False" />
            <line number="163" hits="14" branch="False" />
            <line number="165" hits="14" branch="False" />
            <line number="166" hits="14" branch="False" />
            <line number="168" hits="14" branch="True" condition-coverage="100% (4/4)">
              <conditions>
                <condition number="1569" type="jump" coverage="100%" />
                <condition number="1597" type="jump" coverage="100%" />
              </conditions>
            </line>
            <line number="169" hits="1" branch="False" />
            <line number="171" hits="14" branch="False" />
            <line number="172" hits="14" branch="False" />
            <line number="173" hits="14" branch="False" />
            <line number="175" hits="14" branch="False" />
            <line number="176" hits="14" branch="False" />
            <line number="177" hits="14" branch="False" />
            <line number="179" hits="14" branch="False" />
            <line number="180" hits="14" branch="False" />
            <line number="181" hits="14" branch="False" />
            <line number="182" hits="14" branch="True" condition-coverage="100% (2/2)">
              <conditions>
                <condition number="1940" type="jump" coverage="100%" />
              </conditions>
            </line>
            <line number="183" hits="13" branch="False" />
            <line number="185" hits="13" branch="False" />
            <line number="187" hits="13" branch="True" condition-coverage="100% (2/2)">
              <conditions>
                <condition number="1969" type="jump" coverage="100%" />
              </conditions>
            </line>
            <line number="188" hits="1" branch="False" />
            <line number="190" hits="13" branch="True" condition-coverage="50% (2/4)">
              <conditions>
                <condition number="2099" type="jump" coverage="50%" />
                <condition number="2127" type="jump" coverage="50%" />
              </conditions>
            </line>
            <line number="191" hits="13" branch="False" />
            <line number="192" hits="13" branch="False" />
            <line number="193" hits="13" branch="False" />
            <line number="194" hits="13" branch="False" />
            <line number="195" hits="13" branch="False" />
            <line number="196" hits="13" branch="False" />
            <line number="197" hits="13" branch="False" />
            <line number="198" hits="13" branch="False" />
            <line number="199" hits="13" branch="False" />
            <line number="200" hits="13" branch="False" />
            <line number="201" hits="13" branch="False" />
            <line number="202" hits="13" branch="False" />
            <line number="203" hits="13" branch="False" />
            <line number="204" hits="13" branch="False" />
            <line number="206" hits="1" branch="False" />
            <line number="208" hits="1" branch="True" condition-coverage="50% (1/2)">
              <conditions>
                <condition number="2470" type="jump" coverage="50%" />
              </conditions>
            </line>
            <line number="209" hits="1" branch="False" />
            <line number="210" hits="28" branch="False" />
            <line number="213" hits="15" branch="True" condition-coverage="100% (6/6)">
              <conditions>
                <condition number="2604" type="jump" coverage="100%" />
                <condition number="2622" type="jump" coverage="100%" />
                <condition number="2642" type="jump" coverage="100%" />
              </conditions>
            </line>
            <line number="214" hits="1" branch="False" />
            <line number="215" hits="1" branch="False" />
            <line number="216" hits="1" branch="False" />
            <line number="219" hits="15" branch="False" />
            <line number="222" hits="17" branch="True" condition-coverage="100% (2/2)">
              <conditions>
                <condition number="2740" type="jump" coverage="100%" />
              </conditions>
            </line>
            <line number="223" hits="17" branch="True" condition-coverage="100% (2/2)">
              <conditions>
                <condition number="2772" type="jump" coverage="100%" />
              </conditions>
            </line>
            <line number="225" hits="15" branch="False" />
            <line number="227" hits="15" branch="False" />
            <line number="228" hits="15" branch="False" />
            <line number="229" hits="15" branch="False" />
            <line number="230" hits="15" branch="False" />
            <line number="231" hits="15" branch="False" />
            <line number="232" hits="15" branch="False" />
            <line number="234" hits="15" branch="False" />
            <line number="235" hits="15" branch="False" />
            <line number="236" hits="15" branch="False" />
            <line number="237" hits="15" branch="False" />
          </lines>
        </class>
        <class name="PurAnalyzer.Infrastructure.Parsing.PurParsingHelpers" filename="PurAnalyzer.Infrastructure\Parsing\PurParsingHelpers.cs" line-rate="1" branch-rate="0.9323999999999999" complexity="75">
          <methods>
            <method name="SplitLines" signature="(System.String)" line-rate="1" branch-rate="1" complexity="2">
              <lines>
                <line number="32" hits="19" branch="False" />
                <line number="33" hits="20" branch="True" condition-coverage="100% (2/2)">
                  <conditions>
                    <condition number="9" type="jump" coverage="100%" />
                  </conditions>
                </line>
                <line number="34" hits="18" branch="False" />
                <line number="35" hits="18" branch="False" />
                <line number="36" hits="18" branch="False" />
                <line number="37" hits="18" branch="False" />
                <line number="38" hits="19" branch="False" />
              </lines>
            </method>
            <method name="DetectSeparator" signature="(System.String)" line-rate="1" branch-rate="0.9" complexity="10">
              <lines>
                <line number="45" hits="39" branch="False" />
                <line number="46" hits="39" branch="False" />
                <line number="47" hits="39" branch="False" />
                <line number="48" hits="74" branch="True" condition-coverage="100% (4/4)">
                  <conditions>
                    <condition number="21" type="jump" coverage="100%" />
                    <condition number="32" type="jump" coverage="100%" />
                  </conditions>
                </line>
                <line number="49" hits="5" branch="True" condition-coverage="75% (3/4)">
                  <conditions>
                    <condition number="41" type="jump" coverage="50%" />
                    <condition number="54" type="jump" coverage="100%" />
                  </conditions>
                </line>
                <line number="50" hits="3" branch="True" condition-coverage="100% (2/2)">
                  <conditions>
                    <condition number="63" type="jump" coverage="100%" />
                  </conditions>
                </line>
                <line number="51" hits="39" branch="False" />
              </lines>
            </method>
            <method name="IsHeader" signature="(System.String[])" line-rate="1" branch-rate="1" complexity="2">
              <lines>
                <line number="53" hits="30" branch="True" condition-coverage="100% (2/2)">
                  <conditions>
                    <condition number="2" type="jump" coverage="100%" />
                  </conditions>
                </line>
              </lines>
            </method>
            <method name="IsBody" signature="(System.String[])" line-rate="1" branch-rate="0.5" complexity="2">
              <lines>
                <line number="54" hits="16" branch="True" condition-coverage="50% (1/2)">
                  <conditions>
                    <condition number="2" type="jump" coverage="50%" />
                  </conditions>
                </line>
              </lines>
            </method>
            <method name="IsComment" signature="(System.String[])" line-rate="1" branch-rate="0.5" complexity="2">
              <lines>
                <line number="55" hits="2" branch="True" condition-coverage="50% (1/2)">
                  <conditions>
                    <condition number="2" type="jump" coverage="50%" />
                  </conditions>
                </line>
              </lines>
            </method>
            <method name="NormalizeDate" signature="(System.String)" line-rate="1" branch-rate="1" complexity="6">
              <lines>
                <line number="62" hits="36" branch="False" />
                <line number="63" hits="42" branch="True" condition-coverage="100% (2/2)">
                  <conditions>
                    <condition number="9" type="jump" coverage="100%" />
                  </conditions>
                </line>
                <line number="65" hits="30" branch="True" condition-coverage="100% (2/2)">
                  <conditions>
                    <condition number="37" type="jump" coverage="100%" />
                  </conditions>
                </line>
                <line number="66" hits="24" branch="False" />
                <line number="68" hits="6" branch="False" />
                <line number="69" hits="6" branch="True" condition-coverage="100% (2/2)">
                  <conditions>
                    <condition number="104" type="jump" coverage="100%" />
                  </conditions>
                </line>
                <line number="70" hits="2" branch="False" />
                <line number="72" hits="4" branch="False" />
                <line number="73" hits="36" branch="False" />
              </lines>
            </method>
            <method name="ParseDec" signature="(System.String)" line-rate="1" branch-rate="1" complexity="2">
              <lines>
                <line number="79" hits="155" branch="True" condition-coverage="100% (2/2)">
                  <conditions>
                    <condition number="18" type="jump" coverage="100%" />
                  </conditions>
                </line>
              </lines>
            </method>
            <method name="ComputeFileShape" signature="(System.Collections.Generic.IReadOnlyList`1&lt;System.String&gt;)" line-rate="1" branch-rate="1" complexity="10">
              <lines>
                <line number="119" hits="3" branch="False" />
                <line number="120" hits="9" branch="False" />
                <line number="122" hits="29" branch="True" condition-coverage="100% (2/2)">
                  <conditions>
                    <condition number="117" type="jump" coverage="100%" />
                  </conditions>
                </line>
                <line number="123" hits="10" branch="False" />
                <line number="124" hits="12" branch="True" condition-coverage="100% (2/2)">
                  <conditions>
                    <condition number="37" type="jump" coverage="100%" />
                  </conditions>
                </line>
                <line number="125" hits="14" branch="True" condition-coverage="100% (2/2)">
                  <conditions>
                    <condition number="57" type="jump" coverage="100%" />
                  </conditions>
                </line>
                <line number="126" hits="12" branch="True" condition-coverage="100% (2/2)">
                  <conditions>
                    <condition number="80" type="jump" coverage="100%" />
                  </conditions>
                </line>
                <line number="127" hits="7" branch="True" condition-coverage="100% (2/2)">
                  <conditions>
                    <condition number="103" type="jump" coverage="100%" />
                  </conditions>
                </line>
                <line number="128" hits="3" branch="False" />
                <line number="129" hits="3" branch="False" />
                <line number="130" hits="3" branch="False" />
              </lines>
            </method>
            <method name="HasOnlyKnownRows" signature="(System.Collections.Generic.IReadOnlyList`1&lt;System.String&gt;)" line-rate="1" branch-rate="1" complexity="10">
              <lines>
                <line number="140" hits="4" branch="False" />
                <line number="141" hits="30" branch="True" condition-coverage="100% (2/2)">
                  <conditions>
                    <condition number="90" type="jump" coverage="100%" />
                  </conditions>
                </line>
                <line number="142" hits="10" branch="False" />
                <line number="143" hits="12" branch="True" condition-coverage="100% (2/2)">
                  <conditions>
                    <condition number="27" type="jump" coverage="100%" />
                  </conditions>
                </line>
                <line number="144" hits="8" branch="True" condition-coverage="100% (6/6)">
                  <conditions>
                    <condition number="42" type="jump" coverage="100%" />
                    <condition number="55" type="jump" coverage="100%" />
                    <condition number="76" type="jump" coverage="100%" />
                  </conditions>
                </line>
                <line number="145" hits="2" branch="False" />
                <line number="146" hits="6" branch="False" />
                <line number="147" hits="2" branch="False" />
                <line number="148" hits="4" branch="False" />
              </lines>
            </method>
            <method name="FixPolishArtifacts" signature="(System.String)" line-rate="1" branch-rate="1" complexity="6">
              <lines>
                <line number="154" hits="24" branch="False" />
                <line number="155" hits="25" branch="True" condition-coverage="100% (2/2)">
                  <conditions>
                    <condition number="9" type="jump" coverage="100%" />
                  </conditions>
                </line>
                <line number="156" hits="23" branch="False" />
                <line number="157" hits="4851" branch="True" condition-coverage="100% (2/2)">
                  <conditions>
                    <condition number="88" type="jump" coverage="100%" />
                  </conditions>
                </line>
                <line number="158" hits="2391" branch="True" condition-coverage="100% (2/2)">
                  <conditions>
                    <condition number="60" type="jump" coverage="100%" />
                  </conditions>
                </line>
                <line number="159" hits="23" branch="False" />
                <line number="160" hits="24" branch="False" />
              </lines>
            </method>
            <method name="Count" signature="(System.String,System.Char)" line-rate="1" branch-rate="1" complexity="4">
              <lines>
                <line number="166" hits="80" branch="False" />
                <line number="167" hits="80" branch="False" />
                <line number="168" hits="9474" branch="True" condition-coverage="100% (2/2)">
                  <conditions>
                    <condition number="40" type="jump" coverage="100%" />
                  </conditions>
                </line>
                <line number="169" hits="5023" branch="True" condition-coverage="100% (2/2)">
                  <conditions>
                    <condition number="19" type="jump" coverage="100%" />
                  </conditions>
                </line>
                <line number="170" hits="80" branch="False" />
                <line number="171" hits="80" branch="False" />
              </lines>
            </method>
            <method name="HasUtf8Bom" signature="(System.Byte[])" line-rate="1" branch-rate="1" complexity="6">
              <lines>
                <line number="189" hits="23" branch="True" condition-coverage="100% (6/6)">
                  <conditions>
                    <condition number="4" type="jump" coverage="100%" />
                    <condition number="14" type="jump" coverage="100%" />
                    <condition number="24" type="jump" coverage="100%" />
                  </conditions>
                </line>
              </lines>
            </method>
            <method name="IsValidUtf8" signature="(System.Byte[],System.String&amp;)" line-rate="1" branch-rate="0.8332999999999999" complexity="6">
              <lines>
                <line number="196" hits="10" branch="False" />
                <line number="198" hits="10" branch="False" />
                <line number="199" hits="10" branch="False" />
                <line number="202" hits="9" branch="False" />
                <line number="203" hits="9" branch="True" condition-coverage="100% (2/2)">
                  <conditions>
                    <condition number="38" type="jump" coverage="100%" />
                  </conditions>
                </line>
                <line number="204" hits="9" branch="False" />
                <line number="205" hits="1970" branch="True" condition-coverage="100% (2/2)">
                  <conditions>
                    <condition number="83" type="jump" coverage="100%" />
                  </conditions>
                </line>
                <line number="206" hits="976" branch="True" condition-coverage="50% (1/2)">
                  <conditions>
                    <condition number="58" type="jump" coverage="50%" />
                  </conditions>
                </line>
                <line number="207" hits="9" branch="False" />
                <line number="208" hits="9" branch="False" />
                <line number="210" hits="1" branch="False" />
                <line number="211" hits="1" branch="False" />
                <line number="212" hits="1" branch="False" />
                <line number="213" hits="1" branch="False" />
                <line number="215" hits="10" branch="False" />
              </lines>
            </method>
            <method name="ScorePolish" signature="(System.String)" line-rate="1" branch-rate="0.8332999999999999" complexity="6">
              <lines>
                <line number="237" hits="21" branch="False" />
                <line number="238" hits="21" branch="True" condition-coverage="50% (1/2)">
                  <conditions>
                    <condition number="9" type="jump" coverage="50%" />
                  </conditions>
                </line>
                <line number="240" hits="21" branch="False" />
                <line number="241" hits="4776" branch="True" condition-coverage="100% (2/2)">
                  <conditions>
                    <condition number="71" type="jump" coverage="100%" />
                  </conditions>
                </line>
                <line number="242" hits="2393" branch="True" condition-coverage="100% (2/2)">
                  <conditions>
                    <condition number="48" type="jump" coverage="100%" />
                  </conditions>
                </line>
                <line number="243" hits="21" branch="False" />
                <line number="244" hits="21" branch="False" />
              </lines>
            </method>
            <method name=".cctor" signature="()" line-rate="1" branch-rate="1" complexity="1">
              <lines>
                <line number="20" hits="1" branch="False" />
                <line number="21" hits="1" branch="False" />
                <line number="22" hits="1" branch="False" />
                <line number="221" hits="1" branch="False" />
                <line number="222" hits="1" branch="False" />
                <line number="223" hits="1" branch="False" />
                <line number="224" hits="1" branch="False" />
                <line number="225" hits="1" branch="False" />
                <line number="226" hits="1" branch="False" />
                <line number="227" hits="1" branch="False" />
                <line number="228" hits="1" branch="False" />
                <line number="229" hits="1" branch="False" />
                <line number="230" hits="1" branch="False" />
                <line number="231" hits="1" branch="False" />
                <line number="232" hits="1" branch="False" />
                <line number="233" hits="1" branch="False" />
                <line number="234" hits="1" branch="False" />
              </lines>
            </method>
          </methods>
          <lines>
            <line number="32" hits="19" branch="False" />
            <line number="33" hits="20" branch="True" condition-coverage="100% (2/2)">
              <conditions>
                <condition number="9" type="jump" coverage="100%" />
              </conditions>
            </line>
            <line number="34" hits="18" branch="False" />
            <line number="35" hits="18" branch="False" />
            <line number="36" hits="18" branch="False" />
            <line number="37" hits="18" branch="False" />
            <line number="38" hits="19" branch="False" />
            <line number="45" hits="39" branch="False" />
            <line number="46" hits="39" branch="False" />
            <line number="47" hits="39" branch="False" />
            <line number="48" hits="74" branch="True" condition-coverage="100% (4/4)">
              <conditions>
                <condition number="21" type="jump" coverage="100%" />
                <condition number="32" type="jump" coverage="100%" />
              </conditions>
            </line>
            <line number="49" hits="5" branch="True" condition-coverage="75% (3/4)">
              <conditions>
                <condition number="41" type="jump" coverage="50%" />
                <condition number="54" type="jump" coverage="100%" />
              </conditions>
            </line>
            <line number="50" hits="3" branch="True" condition-coverage="100% (2/2)">
              <conditions>
                <condition number="63" type="jump" coverage="100%" />
              </conditions>
            </line>
            <line number="51" hits="39" branch="False" />
            <line number="53" hits="30" branch="True" condition-coverage="100% (2/2)">
              <conditions>
                <condition number="2" type="jump" coverage="100%" />
              </conditions>
            </line>
            <line number="54" hits="16" branch="True" condition-coverage="50% (1/2)">
              <conditions>
                <condition number="2" type="jump" coverage="50%" />
              </conditions>
            </line>
            <line number="55" hits="2" branch="True" condition-coverage="50% (1/2)">
              <conditions>
                <condition number="2" type="jump" coverage="50%" />
              </conditions>
            </line>
            <line number="62" hits="36" branch="False" />
            <line number="63" hits="42" branch="True" condition-coverage="100% (2/2)">
              <conditions>
                <condition number="9" type="jump" coverage="100%" />
              </conditions>
            </line>
            <line number="65" hits="30" branch="True" condition-coverage="100% (2/2)">
              <conditions>
                <condition number="37" type="jump" coverage="100%" />
              </conditions>
            </line>
            <line number="66" hits="24" branch="False" />
            <line number="68" hits="6" branch="False" />
            <line number="69" hits="6" branch="True" condition-coverage="100% (2/2)">
              <conditions>
                <condition number="104" type="jump" coverage="100%" />
              </conditions>
            </line>
            <line number="70" hits="2" branch="False" />
            <line number="72" hits="4" branch="False" />
            <line number="73" hits="36" branch="False" />
            <line number="79" hits="155" branch="True" condition-coverage="100% (2/2)">
              <conditions>
                <condition number="18" type="jump" coverage="100%" />
              </conditions>
            </line>
            <line number="119" hits="3" branch="False" />
            <line number="120" hits="9" branch="False" />
            <line number="122" hits="29" branch="True" condition-coverage="100% (2/2)">
              <conditions>
                <condition number="117" type="jump" coverage="100%" />
              </conditions>
            </line>
            <line number="123" hits="10" branch="False" />
            <line number="124" hits="12" branch="True" condition-coverage="100% (2/2)">
              <conditions>
                <condition number="37" type="jump" coverage="100%" />
              </conditions>
            </line>
            <line number="125" hits="14" branch="True" condition-coverage="100% (2/2)">
              <conditions>
                <condition number="57" type="jump" coverage="100%" />
              </conditions>
            </line>
            <line number="126" hits="12" branch="True" condition-coverage="100% (2/2)">
              <conditions>
                <condition number="80" type="jump" coverage="100%" />
              </conditions>
            </line>
            <line number="127" hits="7" branch="True" condition-coverage="100% (2/2)">
              <conditions>
                <condition number="103" type="jump" coverage="100%" />
              </conditions>
            </line>
            <line number="128" hits="3" branch="False" />
            <line number="129" hits="3" branch="False" />
            <line number="130" hits="3" branch="False" />
            <line number="140" hits="4" branch="False" />
            <line number="141" hits="30" branch="True" condition-coverage="100% (2/2)">
              <conditions>
                <condition number="90" type="jump" coverage="100%" />
              </conditions>
            </line>
            <line number="142" hits="10" branch="False" />
            <line number="143" hits="12" branch="True" condition-coverage="100% (2/2)">
              <conditions>
                <condition number="27" type="jump" coverage="100%" />
              </conditions>
            </line>
            <line number="144" hits="8" branch="True" condition-coverage="100% (6/6)">
              <conditions>
                <condition number="42" type="jump" coverage="100%" />
                <condition number="55" type="jump" coverage="100%" />
                <condition number="76" type="jump" coverage="100%" />
              </conditions>
            </line>
            <line number="145" hits="2" branch="False" />
            <line number="146" hits="6" branch="False" />
            <line number="147" hits="2" branch="False" />
            <line number="148" hits="4" branch="False" />
            <line number="154" hits="24" branch="False" />
            <line number="155" hits="25" branch="True" condition-coverage="100% (2/2)">
              <conditions>
                <condition number="9" type="jump" coverage="100%" />
              </conditions>
            </line>
            <line number="156" hits="23" branch="False" />
            <line number="157" hits="4851" branch="True" condition-coverage="100% (2/2)">
              <conditions>
                <condition number="88" type="jump" coverage="100%" />
              </conditions>
            </line>
            <line number="158" hits="2391" branch="True" condition-coverage="100% (2/2)">
              <conditions>
                <condition number="60" type="jump" coverage="100%" />
              </conditions>
            </line>
            <line number="159" hits="23" branch="False" />
            <line number="160" hits="24" branch="False" />
            <line number="166" hits="80" branch="False" />
            <line number="167" hits="80" branch="False" />
            <line number="168" hits="9474" branch="True" condition-coverage="100% (2/2)">
              <conditions>
                <condition number="40" type="jump" coverage="100%" />
              </conditions>
            </line>
            <line number="169" hits="5023" branch="True" condition-coverage="100% (2/2)">
              <conditions>
                <condition number="19" type="jump" coverage="100%" />
              </conditions>
            </line>
            <line number="170" hits="80" branch="False" />
            <line number="171" hits="80" branch="False" />
            <line number="189" hits="23" branch="True" condition-coverage="100% (6/6)">
              <conditions>
                <condition number="4" type="jump" coverage="100%" />
                <condition number="14" type="jump" coverage="100%" />
                <condition number="24" type="jump" coverage="100%" />
              </conditions>
            </line>
            <line number="196" hits="10" branch="False" />
            <line number="198" hits="10" branch="False" />
            <line number="199" hits="10" branch="False" />
            <line number="202" hits="9" branch="False" />
            <line number="203" hits="9" branch="True" condition-coverage="100% (2/2)">
              <conditions>
                <condition number="38" type="jump" coverage="100%" />
              </conditions>
            </line>
            <line number="204" hits="9" branch="False" />
            <line number="205" hits="1970" branch="True" condition-coverage="100% (2/2)">
              <conditions>
                <condition number="83" type="jump" coverage="100%" />
              </conditions>
            </line>
            <line number="206" hits="976" branch="True" condition-coverage="50% (1/2)">
              <conditions>
                <condition number="58" type="jump" coverage="50%" />
              </conditions>
            </line>
            <line number="207" hits="9" branch="False" />
            <line number="208" hits="9" branch="False" />
            <line number="210" hits="1" branch="False" />
            <line number="211" hits="1" branch="False" />
            <line number="212" hits="1" branch="False" />
            <line number="213" hits="1" branch="False" />
            <line number="215" hits="10" branch="False" />
            <line number="237" hits="21" branch="False" />
            <line number="238" hits="21" branch="True" condition-coverage="50% (1/2)">
              <conditions>
                <condition number="9" type="jump" coverage="50%" />
              </conditions>
            </line>
            <line number="240" hits="21" branch="False" />
            <line number="241" hits="4776" branch="True" condition-coverage="100% (2/2)">
              <conditions>
                <condition number="71" type="jump" coverage="100%" />
              </conditions>
            </line>
            <line number="242" hits="2393" branch="True" condition-coverage="100% (2/2)">
              <conditions>
                <condition number="48" type="jump" coverage="100%" />
              </conditions>
            </line>
            <line number="243" hits="21" branch="False" />
            <line number="244" hits="21" branch="False" />
            <line number="20" hits="1" branch="False" />
            <line number="21" hits="1" branch="False" />
            <line number="22" hits="1" branch="False" />
            <line number="221" hits="1" branch="False" />
            <line number="222" hits="1" branch="False" />
            <line number="223" hits="1" branch="False" />
            <line number="224" hits="1" branch="False" />
            <line number="225" hits="1" branch="False" />
            <line number="226" hits="1" branch="False" />
            <line number="227" hits="1" branch="False" />
            <line number="228" hits="1" branch="False" />
            <line number="229" hits="1" branch="False" />
            <line number="230" hits="1" branch="False" />
            <line number="231" hits="1" branch="False" />
            <line number="232" hits="1" branch="False" />
            <line number="233" hits="1" branch="False" />
            <line number="234" hits="1" branch="False" />
          </lines>
        </class>
        <class name="PurAnalyzer.Infrastructure.Parsing.PurParsingHelpers/&lt;ReadAllBytesAsync&gt;d__15" filename="PurAnalyzer.Infrastructure\Parsing\PurParsingHelpers.cs" line-rate="1" branch-rate="0.8332999999999999" complexity="6">
          <methods>
            <method name="MoveNext" signature="()" line-rate="1" branch-rate="0.8332999999999999" complexity="6">
              <lines>
                <line number="178" hits="23" branch="False" />
                <line number="179" hits="23" branch="True" condition-coverage="100% (4/4)">
                  <conditions>
                    <condition number="38" type="jump" coverage="100%" />
                    <condition number="56" type="jump" coverage="100%" />
                  </conditions>
                </line>
                <line number="180" hits="22" branch="False" />
                <line number="182" hits="1" branch="False" />
                <line number="183" hits="1" branch="True" condition-coverage="50% (1/2)">
                  <conditions>
                    <condition number="107" type="jump" coverage="50%" />
                  </conditions>
                </line>
                <line number="184" hits="1" branch="False" />
                <line number="185" hits="1" branch="False" />
                <line number="186" hits="23" branch="False" />
              </lines>
            </method>
          </methods>
          <lines>
            <line number="178" hits="23" branch="False" />
            <line number="179" hits="23" branch="True" condition-coverage="100% (4/4)">
              <conditions>
                <condition number="38" type="jump" coverage="100%" />
                <condition number="56" type="jump" coverage="100%" />
              </conditions>
            </line>
            <line number="180" hits="22" branch="False" />
            <line number="182" hits="1" branch="False" />
            <line number="183" hits="1" branch="True" condition-coverage="50% (1/2)">
              <conditions>
                <condition number="107" type="jump" coverage="50%" />
              </conditions>
            </line>
            <line number="184" hits="1" branch="False" />
            <line number="185" hits="1" branch="False" />
            <line number="186" hits="23" branch="False" />
          </lines>
        </class>
        <class name="PurAnalyzer.Infrastructure.Parsing.PurParsingHelpers/&lt;ReadAllTextAsync&gt;d__10" filename="PurAnalyzer.Infrastructure\Parsing\PurParsingHelpers.cs" line-rate="1" branch-rate="1" complexity="6">
          <methods>
            <method name="MoveNext" signature="()" line-rate="1" branch-rate="1" complexity="6">
              <lines>
                <line number="85" hits="23" branch="False" />
                <line number="86" hits="23" branch="False" />
                <line number="89" hits="23" branch="True" condition-coverage="100% (2/2)">
                  <conditions>
                    <condition number="155" type="jump" coverage="100%" />
                  </conditions>
                </line>
                <line number="90" hits="2" branch="False" />
                <line number="93" hits="21" branch="False" />
                <line number="94" hits="21" branch="False" />
                <line number="95" hits="21" branch="False" />
                <line number="98" hits="21" branch="True" condition-coverage="100% (2/2)">
                  <conditions>
                    <condition number="267" type="jump" coverage="100%" />
                  </conditions>
                </line>
                <line number="99" hits="11" branch="False" />
                <line number="102" hits="10" branch="True" condition-coverage="100% (2/2)">
                  <conditions>
                    <condition number="302" type="jump" coverage="100%" />
                  </conditions>
                </line>
                <line number="103" hits="9" branch="False" />
                <line number="106" hits="1" branch="False" />
                <line number="107" hits="1" branch="False" />
                <line number="108" hits="1" branch="False" />
                <line number="109" hits="23" branch="False" />
              </lines>
            </method>
          </methods>
          <lines>
            <line number="85" hits="23" branch="False" />
            <line number="86" hits="23" branch="False" />
            <line number="89" hits="23" branch="True" condition-coverage="100% (2/2)">
              <conditions>
                <condition number="155" type="jump" coverage="100%" />
              </conditions>
            </line>
            <line number="90" hits="2" branch="False" />
            <line number="93" hits="21" branch="False" />
            <line number="94" hits="21" branch="False" />
            <line number="95" hits="21" branch="False" />
            <line number="98" hits="21" branch="True" condition-coverage="100% (2/2)">
              <conditions>
                <condition number="267" type="jump" coverage="100%" />
              </conditions>
            </line>
            <line number="99" hits="11" branch="False" />
            <line number="102" hits="10" branch="True" condition-coverage="100% (2/2)">
              <conditions>
                <condition number="302" type="jump" coverage="100%" />
              </conditions>
            </line>
            <line number="103" hits="9" branch="False" />
            <line number="106" hits="1" branch="False" />
            <line number="107" hits="1" branch="False" />
            <line number="108" hits="1" branch="False" />
            <line number="109" hits="23" branch="False" />
          </lines>
        </class>
      </classes>
    </package>
  </packages>
</coverage>